#
# There is insufficient memory for the Java Runtime Environment to continue.
# Native memory allocation (malloc) failed to allocate 84336 bytes for Chunk::new
# Possible reasons:
#   The system is out of physical RAM or swap space
#   The process is running with CompressedOops enabled, and the Java Heap may be blocking the growth of the native heap
# Possible solutions:
#   Reduce memory load on the system
#   Increase physical memory or swap space
#   Check if swap backing store is full
#   Decrease Java heap size (-Xmx/-Xms)
#   Decrease number of Java threads
#   Decrease Java thread stack sizes (-Xss)
#   Set larger code cache with -XX:ReservedCodeCacheSize=
#   JVM is running with Unscaled Compressed Oops mode in which the Java heap is
#     placed in the first 4GB address space. The Java Heap base address is the
#     maximum limit for the native heap growth. Please use -XX:HeapBaseMinAddress
#     to set the Java Heap base and to place the Java Heap above 4GB virtual address.
# This output file may be truncated or incomplete.
#
#  Out of Memory Error (allocation.cpp:389), pid=20792, tid=0x0000000000003d18
#
# JRE version: OpenJDK Runtime Environment (8.0_202-b03) (build 1.8.0_202-release-1483-b03)
# Java VM: OpenJDK 64-Bit Server VM (25.202-b03 mixed mode windows-amd64 compressed oops)
# Failed to write core dump. Minidumps are not enabled by default on client versions of Windows
#

---------------  T H R E A D  ---------------

Current thread (0x0000000018484000):  JavaThread "C2 CompilerThread2" daemon [_thread_in_native, id=15640, stack(0x0000000018df0000,0x0000000018ef0000)]

Stack: [0x0000000018df0000,0x0000000018ef0000]
[error occurred during error reporting (printing stack bounds), id 0xc0000005]

Native frames: (J=compiled Java code, j=interpreted, Vv=VM code, C=native code)


Current CompileTask:
C2:  11844 4207       4       java.util.jar.Manifest::getTrustedAttributes (57 bytes)


---------------  P R O C E S S  ---------------

Java Threads: ( => current thread )
  0x000000001c93a000 JavaThread "Cache worker for Build Output Cleanup Cache (C:\Users\areong\Documents\GitHub\Android_Fastcampus\Resource\.gradle\buildOutputCleanup)" [_thread_blocked, id=21280, stack(0x00000000234a0000,0x00000000235a0000)]
  0x000000001c931000 JavaThread "Build operations Thread 8" [_thread_blocked, id=6360, stack(0x0000000022da0000,0x0000000022ea0000)]
  0x000000001c937000 JavaThread "Build operations Thread 7" [_thread_blocked, id=14000, stack(0x0000000022ca0000,0x0000000022da0000)]
  0x000000001c92f800 JavaThread "Build operations Thread 6" [_thread_blocked, id=20836, stack(0x0000000022ba0000,0x0000000022ca0000)]
  0x000000001c936800 JavaThread "Build operations Thread 5" [_thread_blocked, id=22880, stack(0x0000000022aa0000,0x0000000022ba0000)]
  0x000000001c932800 JavaThread "Build operations Thread 4" [_thread_blocked, id=20036, stack(0x00000000229a0000,0x0000000022aa0000)]
  0x000000001c92e800 JavaThread "Build operations Thread 3" [_thread_blocked, id=228, stack(0x0000000022690000,0x0000000022790000)]
  0x000000001c935800 JavaThread "Build operations Thread 2" [_thread_blocked, id=8584, stack(0x0000000022590000,0x0000000022690000)]
  0x000000001c932000 JavaThread "Build operations" [_thread_blocked, id=12720, stack(0x0000000022490000,0x0000000022590000)]
  0x000000001c935000 JavaThread "Cache worker for execution history cache (C:\Users\areong\.gradle\caches\5.4.1\executionHistory)" [_thread_blocked, id=892, stack(0x0000000022190000,0x0000000022290000)]
  0x000000001a7b2800 JavaThread "Cache worker for cache directory md-rule (C:\Users\areong\.gradle\caches\5.4.1\md-rule)" [_thread_blocked, id=22628, stack(0x0000000021d80000,0x0000000021e80000)]
  0x000000001a7b1800 JavaThread "Cache worker for cache directory md-supplier (C:\Users\areong\.gradle\caches\5.4.1\md-supplier)" [_thread_blocked, id=2144, stack(0x000000001f5f0000,0x000000001f6f0000)]
  0x000000001a7ac800 JavaThread "Cache worker for file hash cache (C:\Users\areong\Documents\GitHub\Android_Fastcampus\Resource\.gradle\5.4.1\fileHashes)" [_thread_blocked, id=12316, stack(0x000000001f4f0000,0x000000001f5f0000)]
  0x000000001a7af800 JavaThread "Cache worker for journal cache (C:\Users\areong\.gradle\caches\journal-1)" [_thread_blocked, id=16048, stack(0x000000001ce70000,0x000000001cf70000)]
  0x000000001a7ab800 JavaThread "File lock request listener" [_thread_in_native, id=10788, stack(0x000000001cb70000,0x000000001cc70000)]
  0x000000001a889000 JavaThread "Cache worker for file hash cache (C:\Users\areong\.gradle\caches\5.4.1\fileHashes)" [_thread_blocked, id=1300, stack(0x000000001ca70000,0x000000001cb70000)]
  0x000000001a687000 JavaThread "Thread-9" [_thread_blocked, id=17420, stack(0x000000001b9a0000,0x000000001baa0000)]
  0x000000001a68d000 JavaThread "Stdin handler" [_thread_blocked, id=6108, stack(0x000000001b8a0000,0x000000001b9a0000)]
  0x000000001a68a800 JavaThread "Asynchronous log dispatcher for DefaultDaemonConnection: socket connection from /127.0.0.1:1389 to /127.0.0.1:1390" [_thread_blocked, id=4912, stack(0x000000001b6a0000,0x000000001b7a0000)]
  0x000000001a688000 JavaThread "Daemon worker" [_thread_in_vm, id=12748, stack(0x000000001b5a0000,0x000000001b6a0000)]
  0x000000001a66f800 JavaThread "Cancel handler" [_thread_blocked, id=10988, stack(0x000000001b4a0000,0x000000001b5a0000)]
  0x000000001a64e000 JavaThread "Handler for socket connection from /127.0.0.1:1389 to /127.0.0.1:1390" [_thread_in_native, id=11692, stack(0x000000001b1a0000,0x000000001b2a0000)]
  0x000000001a64b800 JavaThread "Daemon" [_thread_blocked, id=17496, stack(0x000000001b0a0000,0x000000001b1a0000)]
  0x000000001a400800 JavaThread "Daemon periodic checks" [_thread_blocked, id=19816, stack(0x000000001afa0000,0x000000001b0a0000)]
  0x000000001a3f7000 JavaThread "Incoming local TCP Connector on port 1389" [_thread_in_native, id=20228, stack(0x000000001adc0000,0x000000001aec0000)]
  0x000000001a726800 JavaThread "Daemon health stats" [_thread_blocked, id=2652, stack(0x000000001a9c0000,0x000000001aac0000)]
  0x000000001848f800 JavaThread "Service Thread" daemon [_thread_blocked, id=7708, stack(0x0000000018ff0000,0x00000000190f0000)]
  0x0000000018489000 JavaThread "C1 CompilerThread3" daemon [_thread_blocked, id=19316, stack(0x0000000018ef0000,0x0000000018ff0000)]
=>0x0000000018484000 JavaThread "C2 CompilerThread2" daemon [_thread_in_native, id=15640, stack(0x0000000018df0000,0x0000000018ef0000)]
  0x0000000018481000 JavaThread "C2 CompilerThread1" daemon [_thread_in_native, id=20272, stack(0x0000000018cf0000,0x0000000018df0000)]
  0x000000001847d000 JavaThread "C2 CompilerThread0" daemon [_thread_in_native, id=1292, stack(0x0000000018bf0000,0x0000000018cf0000)]
  0x000000001842a000 JavaThread "Attach Listener" daemon [_thread_blocked, id=15672, stack(0x0000000018af0000,0x0000000018bf0000)]
  0x0000000018429000 JavaThread "Signal Dispatcher" daemon [_thread_blocked, id=7116, stack(0x00000000189f0000,0x0000000018af0000)]
  0x0000000018410800 JavaThread "Finalizer" daemon [_thread_blocked, id=22112, stack(0x00000000188f0000,0x00000000189f0000)]
  0x000000001660c000 JavaThread "Reference Handler" daemon [_thread_blocked, id=4168, stack(0x00000000187f0000,0x00000000188f0000)]
  0x0000000002752800 JavaThread "main" [_thread_blocked, id=15080, stack(0x0000000002650000,0x0000000002750000)]

Other Threads:
  0x0000000016606800 VMThread [stack: 0x00000000182f0000,0x00000000183f0000] [id=9096]
  0x0000000018490000 WatcherThread [stack: 0x00000000190f0000,0x00000000191f0000] [id=12004]

VM state:not at safepoint (normal execution)

VM Mutex/Monitor currently owned by a thread: None

heap address: 0x00000000a0000000, size: 1536 MB, Compressed Oops mode: 32-bit
Narrow klass base: 0x0000000000000000, Narrow klass shift: 3
Compressed class space size: 1073741824 Address: 0x0000000100000000

Heap:
 PSYoungGen      total 116736K, used 46866K [0x00000000e0000000, 0x00000000ea100000, 0x0000000100000000)
  eden space 103936K, 32% used [0x00000000e0000000,0x00000000e2145538,0x00000000e6580000)
  from space 12800K, 99% used [0x00000000e6580000,0x00000000e71ff3e8,0x00000000e7200000)
  to   space 14848K, 0% used [0x00000000e9280000,0x00000000e9280000,0x00000000ea100000)
 ParOldGen       total 174592K, used 18446K [0x00000000a0000000, 0x00000000aaa80000, 0x00000000e0000000)
  object space 174592K, 10% used [0x00000000a0000000,0x00000000a1203b08,0x00000000aaa80000)
 Metaspace       used 48066K, capacity 49196K, committed 49240K, reserved 1091584K
  class space    used 6480K, capacity 6757K, committed 6784K, reserved 1048576K

Card table byte_map: [0x0000000011c10000,0x0000000011f20000] byte_map_base: 0x0000000011710000

Marking Bits: (ParMarkBitMap*) 0x000000005d279f30
 Begin Bits: [0x0000000012920000, 0x0000000014120000)
 End Bits:   [0x0000000014120000, 0x0000000015920000)

Polling page: 0x00000000021a0000

CodeCache: size=245760Kb used=13158Kb max_used=13158Kb free=232601Kb
 bounds [0x0000000002850000, 0x0000000003540000, 0x0000000011850000]
 total_blobs=4611 nmethods=3846 adapters=677
 compilation: enabled

Compilation events (10 events):
Event: 11.760 Thread 0x0000000018489000 nmethod 4202 0x000000000352fb50 code [0x000000000352fca0, 0x000000000352fdb0]
Event: 11.778 Thread 0x0000000018489000 4203       3       kotlin.reflect.jvm.internal.pcollections.IntTree::get (60 bytes)
Event: 11.778 Thread 0x0000000018489000 nmethod 4203 0x0000000003534150 code [0x00000000035342e0, 0x00000000035346b8]
Event: 11.782 Thread 0x0000000018489000 4204       3       kotlin.text.StringsKt__StringsJVMKt::startsWith$default (15 bytes)
Event: 11.782 Thread 0x0000000018489000 nmethod 4204 0x0000000003533d90 code [0x0000000003533f00, 0x00000000035340a8]
Event: 11.782 Thread 0x0000000018489000 4205       3       kotlin.text.StringsKt__StringsJVMKt::startsWith (36 bytes)
Event: 11.783 Thread 0x0000000018489000 nmethod 4205 0x0000000003535390 code [0x0000000003535540, 0x0000000003535b58]
Event: 11.784 Thread 0x0000000018489000 4206       1       kotlin.reflect.jvm.internal.pcollections.ConsPStack::size (5 bytes)
Event: 11.784 Thread 0x0000000018489000 nmethod 4206 0x0000000003533ad0 code [0x0000000003533c20, 0x0000000003533d30]
Event: 11.825 Thread 0x0000000018484000 4207       4       java.util.jar.Manifest::getTrustedAttributes (57 bytes)

GC Heap History (10 events):
Event: 7.956 GC heap before
{Heap before GC invocations=5 (full 1):
 PSYoungGen      total 75776K, used 65024K [0x00000000e0000000, 0x00000000e5480000, 0x0000000100000000)
  eden space 65024K, 100% used [0x00000000e0000000,0x00000000e3f80000,0x00000000e3f80000)
  from space 10752K, 0% used [0x00000000e3f80000,0x00000000e3f80000,0x00000000e4a00000)
  to   space 10752K, 0% used [0x00000000e4a00000,0x00000000e4a00000,0x00000000e5480000)
 ParOldGen       total 104960K, used 11159K [0x00000000a0000000, 0x00000000a6680000, 0x00000000e0000000)
  object space 104960K, 10% used [0x00000000a0000000,0x00000000a0ae5c40,0x00000000a6680000)
 Metaspace       used 28646K, capacity 29126K, committed 29440K, reserved 1075200K
  class space    used 3855K, capacity 4013K, committed 4096K, reserved 1048576K
Event: 7.962 GC heap after
Heap after GC invocations=5 (full 1):
 PSYoungGen      total 75776K, used 7802K [0x00000000e0000000, 0x00000000e7800000, 0x0000000100000000)
  eden space 65024K, 0% used [0x00000000e0000000,0x00000000e0000000,0x00000000e3f80000)
  from space 10752K, 72% used [0x00000000e4a00000,0x00000000e519ebb0,0x00000000e5480000)
  to   space 10752K, 0% used [0x00000000e3f80000,0x00000000e3f80000,0x00000000e4a00000)
 ParOldGen       total 104960K, used 11167K [0x00000000a0000000, 0x00000000a6680000, 0x00000000e0000000)
  object space 104960K, 10% used [0x00000000a0000000,0x00000000a0ae7c40,0x00000000a6680000)
 Metaspace       used 28646K, capacity 29126K, committed 29440K, reserved 1075200K
  class space    used 3855K, capacity 4013K, committed 4096K, reserved 1048576K
}
Event: 8.670 GC heap before
{Heap before GC invocations=6 (full 1):
 PSYoungGen      total 75776K, used 72826K [0x00000000e0000000, 0x00000000e7800000, 0x0000000100000000)
  eden space 65024K, 100% used [0x00000000e0000000,0x00000000e3f80000,0x00000000e3f80000)
  from space 10752K, 72% used [0x00000000e4a00000,0x00000000e519ebb0,0x00000000e5480000)
  to   space 10752K, 0% used [0x00000000e3f80000,0x00000000e3f80000,0x00000000e4a00000)
 ParOldGen       total 104960K, used 11167K [0x00000000a0000000, 0x00000000a6680000, 0x00000000e0000000)
  object space 104960K, 10% used [0x00000000a0000000,0x00000000a0ae7c40,0x00000000a6680000)
 Metaspace       used 31845K, capacity 32356K, committed 32768K, reserved 1077248K
  class space    used 4378K, capacity 4535K, committed 4608K, reserved 1048576K
Event: 8.680 GC heap after
Heap after GC invocations=6 (full 1):
 PSYoungGen      total 75776K, used 8439K [0x00000000e0000000, 0x00000000e7e00000, 0x0000000100000000)
  eden space 65024K, 0% used [0x00000000e0000000,0x00000000e0000000,0x00000000e3f80000)
  from space 10752K, 78% used [0x00000000e3f80000,0x00000000e47bdfa8,0x00000000e4a00000)
  to   space 12288K, 0% used [0x00000000e7200000,0x00000000e7200000,0x00000000e7e00000)
 ParOldGen       total 104960K, used 11175K [0x00000000a0000000, 0x00000000a6680000, 0x00000000e0000000)
  object space 104960K, 10% used [0x00000000a0000000,0x00000000a0ae9c40,0x00000000a6680000)
 Metaspace       used 31845K, capacity 32356K, committed 32768K, reserved 1077248K
  class space    used 4378K, capacity 4535K, committed 4608K, reserved 1048576K
}
Event: 9.681 GC heap before
{Heap before GC invocations=7 (full 1):
 PSYoungGen      total 75776K, used 60273K [0x00000000e0000000, 0x00000000e7e00000, 0x0000000100000000)
  eden space 65024K, 79% used [0x00000000e0000000,0x00000000e329e710,0x00000000e3f80000)
  from space 10752K, 78% used [0x00000000e3f80000,0x00000000e47bdfa8,0x00000000e4a00000)
  to   space 12288K, 0% used [0x00000000e7200000,0x00000000e7200000,0x00000000e7e00000)
 ParOldGen       total 104960K, used 11175K [0x00000000a0000000, 0x00000000a6680000, 0x00000000e0000000)
  object space 104960K, 10% used [0x00000000a0000000,0x00000000a0ae9c40,0x00000000a6680000)
 Metaspace       used 34572K, capacity 35244K, committed 35416K, reserved 1079296K
  class space    used 4748K, capacity 4945K, committed 4992K, reserved 1048576K
Event: 9.695 GC heap after
Heap after GC invocations=7 (full 1):
 PSYoungGen      total 116224K, used 10220K [0x00000000e0000000, 0x00000000e8080000, 0x0000000100000000)
  eden space 103936K, 0% used [0x00000000e0000000,0x00000000e0000000,0x00000000e6580000)
  from space 12288K, 83% used [0x00000000e7200000,0x00000000e7bfb358,0x00000000e7e00000)
  to   space 12800K, 0% used [0x00000000e6580000,0x00000000e6580000,0x00000000e7200000)
 ParOldGen       total 104960K, used 11183K [0x00000000a0000000, 0x00000000a6680000, 0x00000000e0000000)
  object space 104960K, 10% used [0x00000000a0000000,0x00000000a0aebc40,0x00000000a6680000)
 Metaspace       used 34572K, capacity 35244K, committed 35416K, reserved 1079296K
  class space    used 4748K, capacity 4945K, committed 4992K, reserved 1048576K
}
Event: 9.695 GC heap before
{Heap before GC invocations=8 (full 2):
 PSYoungGen      total 116224K, used 10220K [0x00000000e0000000, 0x00000000e8080000, 0x0000000100000000)
  eden space 103936K, 0% used [0x00000000e0000000,0x00000000e0000000,0x00000000e6580000)
  from space 12288K, 83% used [0x00000000e7200000,0x00000000e7bfb358,0x00000000e7e00000)
  to   space 12800K, 0% used [0x00000000e6580000,0x00000000e6580000,0x00000000e7200000)
 ParOldGen       total 104960K, used 11183K [0x00000000a0000000, 0x00000000a6680000, 0x00000000e0000000)
  object space 104960K, 10% used [0x00000000a0000000,0x00000000a0aebc40,0x00000000a6680000)
 Metaspace       used 34572K, capacity 35244K, committed 35416K, reserved 1079296K
  class space    used 4748K, capacity 4945K, committed 4992K, reserved 1048576K
Event: 9.811 GC heap after
Heap after GC invocations=8 (full 2):
 PSYoungGen      total 116224K, used 0K [0x00000000e0000000, 0x00000000e8080000, 0x0000000100000000)
  eden space 103936K, 0% used [0x00000000e0000000,0x00000000e0000000,0x00000000e6580000)
  from space 12288K, 0% used [0x00000000e7200000,0x00000000e7200000,0x00000000e7e00000)
  to   space 12800K, 0% used [0x00000000e6580000,0x00000000e6580000,0x00000000e7200000)
 ParOldGen       total 174592K, used 16993K [0x00000000a0000000, 0x00000000aaa80000, 0x00000000e0000000)
  object space 174592K, 9% used [0x00000000a0000000,0x00000000a1098618,0x00000000aaa80000)
 Metaspace       used 34558K, capacity 35196K, committed 35416K, reserved 1079296K
  class space    used 4743K, capacity 4937K, committed 4992K, reserved 1048576K
}
Event: 11.343 GC heap before
{Heap before GC invocations=9 (full 2):
 PSYoungGen      total 116224K, used 103936K [0x00000000e0000000, 0x00000000e8080000, 0x0000000100000000)
  eden space 103936K, 100% used [0x00000000e0000000,0x00000000e6580000,0x00000000e6580000)
  from space 12288K, 0% used [0x00000000e7200000,0x00000000e7200000,0x00000000e7e00000)
  to   space 12800K, 0% used [0x00000000e6580000,0x00000000e6580000,0x00000000e7200000)
 ParOldGen       total 174592K, used 16993K [0x00000000a0000000, 0x00000000aaa80000, 0x00000000e0000000)
  object space 174592K, 9% used [0x00000000a0000000,0x00000000a1098618,0x00000000aaa80000)
 Metaspace       used 45107K, capacity 46074K, committed 46552K, reserved 1089536K
  class space    used 6063K, capacity 6295K, committed 6400K, reserved 1048576K
Event: 11.355 GC heap after
Heap after GC invocations=9 (full 2):
 PSYoungGen      total 116736K, used 12796K [0x00000000e0000000, 0x00000000ea100000, 0x0000000100000000)
  eden space 103936K, 0% used [0x00000000e0000000,0x00000000e0000000,0x00000000e6580000)
  from space 12800K, 99% used [0x00000000e6580000,0x00000000e71ff3e8,0x00000000e7200000)
  to   space 14848K, 0% used [0x00000000e9280000,0x00000000e9280000,0x00000000ea100000)
 ParOldGen       total 174592K, used 18446K [0x00000000a0000000, 0x00000000aaa80000, 0x00000000e0000000)
  object space 174592K, 10% used [0x00000000a0000000,0x00000000a1203b08,0x00000000aaa80000)
 Metaspace       used 45107K, capacity 46074K, committed 46552K, reserved 1089536K
  class space    used 6063K, capacity 6295K, committed 6400K, reserved 1048576K
}

Deoptimization events (10 events):
Event: 10.724 Thread 0x000000001a688000 Uncommon trap: reason=unstable_if action=reinterpret pc=0x0000000002db426c method=java.security.CodeSource.getCertificates()[Ljava/security/cert/Certificate; @ 22
Event: 10.724 Thread 0x000000001a688000 Uncommon trap: reason=unstable_if action=reinterpret pc=0x0000000002b253e8 method=java.util.jar.JarFile.maybeInstantiateVerifier()V @ 4
Event: 10.725 Thread 0x000000001a688000 Uncommon trap: reason=unstable_if action=reinterpret pc=0x00000000032811dc method=java.security.CodeSource.matchCerts(Ljava/security/CodeSource;Z)Z @ 11
Event: 10.748 Thread 0x000000001a688000 Uncommon trap: reason=unstable_if action=reinterpret pc=0x000000000325c280 method=java.util.LinkedHashMap.get(Ljava/lang/Object;)Ljava/lang/Object; @ 20
Event: 10.825 Thread 0x000000001a688000 Uncommon trap: reason=unstable_if action=reinterpret pc=0x00000000030c46e8 method=org.objectweb.asm.ByteVector.putUTF8(Ljava/lang/String;)Lorg/objectweb/asm/ByteVector; @ 93
Event: 10.966 Thread 0x000000001a688000 Uncommon trap: reason=unstable_if action=reinterpret pc=0x000000000302f570 method=org.objectweb.asm.ByteVector.putUTF8(Ljava/lang/String;)Lorg/objectweb/asm/ByteVector; @ 93
Event: 11.262 Thread 0x000000001a688000 Uncommon trap: reason=unstable_if action=reinterpret pc=0x00000000030aa7e0 method=org.gradle.internal.reflect.PropertyAccessorType.of(Ljava/lang/reflect/Method;)Lorg/gradle/internal/reflect/PropertyAccessorType; @ 56
Event: 11.389 Thread 0x000000001a688000 Uncommon trap: reason=unstable_if action=reinterpret pc=0x0000000003301d0c method=java.util.WeakHashMap.put(Ljava/lang/Object;Ljava/lang/Object;)Ljava/lang/Object; @ 59
Event: 11.480 Thread 0x000000001a688000 Uncommon trap: reason=unstable_if action=reinterpret pc=0x0000000002e5e470 method=org.gradle.internal.instantiation.AbstractClassGenerator$InjectionAnnotationValidator.validateMethod(Ljava/lang/reflect/Method;Lorg/gradle/internal/reflect/PropertyAccessorT
Event: 11.792 Thread 0x000000001a688000 Uncommon trap: reason=unstable_if action=reinterpret pc=0x0000000002dc9f24 method=java.lang.String.lastIndexOf([CII[CIII)I @ 17

Classes redefined (0 events):
No events

Internal exceptions (10 events):
Event: 11.415 Thread 0x000000001a688000 Exception <a 'java/lang/ClassNotFoundException': org/gradle/api/internal/file/CompositeFileTreeCustomizer> (0x00000000e0b21b18) thrown at [D:\src\AOSP-openjdk-cygwin\jdk8u\hotspot\src\share\vm\classfile\systemDictionary.cpp, line 210]
Event: 11.416 Thread 0x000000001a688000 Exception <a 'java/lang/ClassNotFoundException': org/gradle/api/internal/file/collections/DefaultConfigurableFileTreeCustomizer> (0x00000000e0b6f7b0) thrown at [D:\src\AOSP-openjdk-cygwin\jdk8u\hotspot\src\share\vm\classfile\systemDictionary.cpp, line 210
Event: 11.618 Thread 0x000000001a688000 Exception <a 'java/lang/ClassNotFoundException': org/gradle/api/plugins/internal/DefaultBasePluginConventionBeanInfo> (0x00000000e144d3e8) thrown at [D:\src\AOSP-openjdk-cygwin\jdk8u\hotspot\src\share\vm\classfile\systemDictionary.cpp, line 210]
Event: 11.619 Thread 0x000000001a688000 Exception <a 'java/lang/ClassNotFoundException': org/gradle/api/plugins/BasePluginConventionBeanInfo> (0x00000000e14730c8) thrown at [D:\src\AOSP-openjdk-cygwin\jdk8u\hotspot\src\share\vm\classfile\systemDictionary.cpp, line 210]
Event: 11.619 Thread 0x000000001a688000 Exception <a 'java/lang/ClassNotFoundException': org/gradle/api/plugins/BasePluginConventionCustomizer> (0x00000000e1499680) thrown at [D:\src\AOSP-openjdk-cygwin\jdk8u\hotspot\src\share\vm\classfile\systemDictionary.cpp, line 210]
Event: 11.620 Thread 0x000000001a688000 Exception <a 'java/lang/ClassNotFoundException': org/gradle/api/plugins/internal/DefaultBasePluginConventionCustomizer> (0x00000000e14d8fe8) thrown at [D:\src\AOSP-openjdk-cygwin\jdk8u\hotspot\src\share\vm\classfile\systemDictionary.cpp, line 210]
Event: 11.638 Thread 0x000000001a688000 Exception <a 'java/lang/NoSuchMethodError': java.lang.Object.lambda$comparing$77a9974f$1(Ljava/util/function/Function;Ljava/lang/Object;Ljava/lang/Object;)I> (0x00000000e1552818) thrown at [D:\src\AOSP-openjdk-cygwin\jdk8u\hotspot\src\share\vm\interpreter
Event: 11.641 Thread 0x000000001a688000 Exception <a 'java/lang/NoSuchMethodError': java.lang.Object.lambda$comparingInt$7b0bb60$1(Ljava/util/function/ToIntFunction;Ljava/lang/Object;Ljava/lang/Object;)I> (0x00000000e155ce00) thrown at [D:\src\AOSP-openjdk-cygwin\jdk8u\hotspot\src\share\vm\inte
Event: 11.642 Thread 0x000000001a688000 Exception <a 'java/lang/NoSuchMethodError': java.lang.Object.lambda$thenComparing$36697e65$1(Ljava/util/Comparator;Ljava/lang/Object;Ljava/lang/Object;)I> (0x00000000e1565988) thrown at [D:\src\AOSP-openjdk-cygwin\jdk8u\hotspot\src\share\vm\interpreter\li
Event: 11.644 Thread 0x000000001a688000 Exception <a 'java/lang/NoSuchMethodError': java.lang.Object.lambda$comparing$ea9a8b3a$1(Ljava/util/Comparator;Ljava/util/function/Function;Ljava/lang/Object;Ljava/lang/Object;)I> (0x00000000e1573438) thrown at [D:\src\AOSP-openjdk-cygwin\jdk8u\hotspot\sr

Events (10 events):
Event: 11.825 loading class kotlin/reflect/jvm/internal/impl/builtins/jvm/JvmBuiltInsSettings$createMockJavaIoSerializableType$superTypes$1
Event: 11.825 loading class kotlin/reflect/jvm/internal/impl/builtins/jvm/JvmBuiltInsSettings$createMockJavaIoSerializableType$superTypes$1 done
Event: 11.826 loading class kotlin/reflect/jvm/internal/impl/descriptors/impl/ClassDescriptorImpl
Event: 11.826 loading class kotlin/reflect/jvm/internal/impl/descriptors/impl/ClassDescriptorImpl done
Event: 11.826 loading class kotlin/reflect/jvm/internal/impl/descriptors/impl/ClassDescriptorBase
Event: 11.826 loading class kotlin/reflect/jvm/internal/impl/descriptors/impl/ClassDescriptorBase done
Event: 11.827 loading class kotlin/reflect/jvm/internal/impl/descriptors/impl/AbstractClassDescriptor
Event: 11.827 loading class kotlin/reflect/jvm/internal/impl/descriptors/impl/AbstractClassDescriptor done
Event: 11.827 loading class kotlin/reflect/jvm/internal/impl/descriptors/ClassDescriptor
Event: 11.827 loading class kotlin/reflect/jvm/internal/impl/descriptors/ClassDescriptor done


Dynamic libraries:
0x00007ff708a40000 - 0x00007ff708a71000 	C:\Program Files\Android\Android Studio\jre\bin\java.exe
0x00007ffa9a550000 - 0x00007ffa9a731000 	C:\WINDOWS\SYSTEM32\ntdll.dll
0x00007ffa97ed0000 - 0x00007ffa97f81000 	C:\WINDOWS\System32\KERNEL32.DLL
0x00007ffa96d90000 - 0x00007ffa97003000 	C:\WINDOWS\System32\KERNELBASE.dll
0x00007ffa98bd0000 - 0x00007ffa98c71000 	C:\WINDOWS\System32\ADVAPI32.dll
0x00007ffa984e0000 - 0x00007ffa9857e000 	C:\WINDOWS\System32\msvcrt.dll
0x00007ffa9a190000 - 0x00007ffa9a1eb000 	C:\WINDOWS\System32\sechost.dll
0x00007ffa98190000 - 0x00007ffa982b4000 	C:\WINDOWS\System32\RPCRT4.dll
0x00007ffa98a30000 - 0x00007ffa98bc1000 	C:\WINDOWS\System32\USER32.dll
0x00007ffa96d70000 - 0x00007ffa96d90000 	C:\WINDOWS\System32\win32u.dll
0x00007ffa98910000 - 0x00007ffa98938000 	C:\WINDOWS\System32\GDI32.dll
0x00007ffa97820000 - 0x00007ffa979b1000 	C:\WINDOWS\System32\gdi32full.dll
0x00007ffa97010000 - 0x00007ffa970af000 	C:\WINDOWS\System32\msvcp_win.dll
0x00007ffa96c70000 - 0x00007ffa96d68000 	C:\WINDOWS\System32\ucrtbase.dll
0x00007ffa8a940000 - 0x00007ffa8aba9000 	C:\WINDOWS\WinSxS\amd64_microsoft.windows.common-controls_6595b64144ccf1df_6.0.17134.1130_none_d3ff42617c90becf\COMCTL32.dll
0x00007ffa9a1f0000 - 0x00007ffa9a511000 	C:\WINDOWS\System32\combase.dll
0x00007ffa96900000 - 0x00007ffa96979000 	C:\WINDOWS\System32\bcryptPrimitives.dll
0x00007ffa987d0000 - 0x00007ffa987fd000 	C:\WINDOWS\System32\IMM32.DLL
0x000000005c9d0000 - 0x000000005caa2000 	C:\Program Files\Android\Android Studio\jre\jre\bin\msvcr100.dll
0x000000005cab0000 - 0x000000005d2f6000 	C:\Program Files\Android\Android Studio\jre\jre\bin\server\jvm.dll
0x00007ffa97f90000 - 0x00007ffa97f98000 	C:\WINDOWS\System32\PSAPI.DLL
0x00007ffa95400000 - 0x00007ffa95409000 	C:\WINDOWS\SYSTEM32\WSOCK32.dll
0x00007ffa98800000 - 0x00007ffa9886c000 	C:\WINDOWS\System32\WS2_32.dll
0x00007ffa91c40000 - 0x00007ffa91c63000 	C:\WINDOWS\SYSTEM32\WINMM.dll
0x00007ffa91190000 - 0x00007ffa9119a000 	C:\WINDOWS\SYSTEM32\VERSION.dll
0x00007ffa91be0000 - 0x00007ffa91c0a000 	C:\WINDOWS\SYSTEM32\winmmbase.dll
0x00007ffa96980000 - 0x00007ffa969c9000 	C:\WINDOWS\System32\cfgmgr32.dll
0x00007ffa925e0000 - 0x00007ffa925ef000 	C:\Program Files\Android\Android Studio\jre\jre\bin\verify.dll
0x00007ffa8da30000 - 0x00007ffa8da59000 	C:\Program Files\Android\Android Studio\jre\jre\bin\java.dll
0x00007ffa90e40000 - 0x00007ffa90e56000 	C:\Program Files\Android\Android Studio\jre\jre\bin\zip.dll
0x00007ffa98d40000 - 0x00007ffa9a185000 	C:\WINDOWS\System32\SHELL32.dll
0x00007ffa97e20000 - 0x00007ffa97ec9000 	C:\WINDOWS\System32\shcore.dll
0x00007ffa970b0000 - 0x00007ffa977c0000 	C:\WINDOWS\System32\windows.storage.dll
0x00007ffa98ce0000 - 0x00007ffa98d31000 	C:\WINDOWS\System32\shlwapi.dll
0x00007ffa968c0000 - 0x00007ffa968d1000 	C:\WINDOWS\System32\kernel.appcore.dll
0x00007ffa96850000 - 0x00007ffa9686f000 	C:\WINDOWS\System32\profapi.dll
0x00007ffa96870000 - 0x00007ffa968bc000 	C:\WINDOWS\System32\powrprof.dll
0x00007ffa96840000 - 0x00007ffa9684a000 	C:\WINDOWS\System32\FLTLIB.DLL
0x00007ffa8db60000 - 0x00007ffa8db7a000 	C:\Program Files\Android\Android Studio\jre\jre\bin\net.dll
0x00007ffa960c0000 - 0x00007ffa96126000 	C:\WINDOWS\system32\mswsock.dll
0x00007ffa8d9f0000 - 0x00007ffa8da01000 	C:\Program Files\Android\Android Studio\jre\jre\bin\nio.dll
0x00007ffa85d20000 - 0x00007ffa85d46000 	C:\Users\areong\.gradle\native\29\windows-amd64\native-platform.dll
0x00007ffa92370000 - 0x00007ffa9237d000 	C:\Program Files\Android\Android Studio\jre\jre\bin\management.dll
0x00007ffa96280000 - 0x00007ffa96297000 	C:\WINDOWS\SYSTEM32\CRYPTSP.dll
0x00007ffa95c70000 - 0x00007ffa95ca3000 	C:\WINDOWS\system32\rsaenh.dll
0x00007ffa963a0000 - 0x00007ffa963c5000 	C:\WINDOWS\SYSTEM32\bcrypt.dll
0x00007ffa96740000 - 0x00007ffa96768000 	C:\WINDOWS\SYSTEM32\USERENV.dll
0x00007ffa96270000 - 0x00007ffa9627b000 	C:\WINDOWS\SYSTEM32\CRYPTBASE.dll
0x00007ffa95e10000 - 0x00007ffa95e48000 	C:\WINDOWS\SYSTEM32\IPHLPAPI.DLL
0x00007ffa97e10000 - 0x00007ffa97e18000 	C:\WINDOWS\System32\NSI.dll
0x00007ffa8f830000 - 0x00007ffa8f846000 	C:\WINDOWS\SYSTEM32\dhcpcsvc6.DLL
0x00007ffa8f810000 - 0x00007ffa8f82a000 	C:\WINDOWS\SYSTEM32\dhcpcsvc.DLL

VM Arguments:
jvm_args: -Xmx1536m -Dfile.encoding=x-windows-949 -Duser.country=KR -Duser.language=ko -Duser.variant 
java_command: org.gradle.launcher.daemon.bootstrap.GradleDaemon 5.4.1
java_class_path (initial): C:\Users\areong\.gradle\wrapper\dists\gradle-5.4.1-all\3221gyojl5jsh0helicew7rwx\gradle-5.4.1\lib\gradle-launcher-5.4.1.jar
Launcher Type: SUN_STANDARD

Environment Variables:
JAVA_HOME=C:\Program Files\Java\jdk1.8.0_111
PATH=C:\Program Files (x86)\Intel\iCLS Client\;C:\ProgramData\Oracle\Java\javapath;C:\Program Files\Dell\DW WLAN Card;C:\Program Files\Intel\iCLS Client\;C:\Windows\system32;C:\Windows;C:\Windows\System32\Wbem;C:\Windows\System32\WindowsPowerShell\v1.0\;C:\Program Files\WIDCOMM\Bluetooth Software\;C:\Program Files\WIDCOMM\Bluetooth Software\syswow64;C:\Program Files (x86)\NVIDIA Corporation\PhysX\Common;C:\WINDOWS\system32;C:\WINDOWS;C:\WINDOWS\System32\Wbem;C:\WINDOWS\System32\WindowsPowerShell\v1.0\;C:\Program Files\Java\jdk1.8.0_111\bin;C:\Program Files\TortoiseSVN\bin;C:\Program Files\Microsoft SQL Server\130\Tools\Binn\;C:\Program Files (x86)\Windows Kits\10\Windows Performance Toolkit\;C:\Program Files (x86)\Windows Kits\8.1\Windows Performance Toolkit\;C:\Program Files (x86)\GtkSharp\2.12\bin;C:\Program Files\Git\cmd;C:\Program Files\Common Files\Autodesk Shared\;C:\Program Files (x86)\Autodesk\Backburner\;C:\WINDOWS\System32\OpenSSH\;C:\Program Files (x86)\Intel\Intel(R) Management Engine Components\DAL;C:\Program Files\Intel\Intel(R) Management Engine Components\DAL;C:\Program Files (x86)\Intel\Intel(R) Management Engine Components\IPT;C:\Program Files\Intel\Intel(R) Management Engine Components\IPT;C:\cocos2d-x-3.15.1\templates;C:\cocos2d-x-3.15.1\tools\cocos2d-console\bin;C:\Python35\Scripts\;C:\Python35\;C:\Users\areong\AppData\Local\Microsoft\WindowsApps;C:\Program Files\TortoiseSVN\bin;;C:\Program Files (x86)\ESTsoft\ALSee\x64
USERNAME=areong
OS=Windows_NT
PROCESSOR_IDENTIFIER=Intel64 Family 6 Model 94 Stepping 3, GenuineIntel



---------------  S Y S T E M  ---------------

OS: Windows 10.0 , 64 bit Build 17134 (10.0.17134.753)

CPU:total 8 (initial active 8) (4 cores per cpu, 2 threads per core) family 6 model 94 stepping 3, cmov, cx8, fxsr, mmx, sse, sse2, sse3, ssse3, sse4.1, sse4.2, popcnt, avx, avx2, aes, clmul, erms, rtm, 3dnowpref, lzcnt, ht, tsc, tscinvbit, bmi1, bmi2, adx

Memory: 4k page, physical 16635468k(8994408k free), swap 26875468k(88800k free)

vm_info: OpenJDK 64-Bit Server VM (25.202-b03) for windows-amd64 JRE (1.8.0_202-release-1483-b03), built by "builder" with MS VC++ 10.0 (VS2010)

time: Tue Jan 28 21:32:36 2020
timezone: 대한민국 표준시
elapsed time: 11 seconds (0d 0h 0m 11s)

